C51 COMPILER V9.54   HC89S_TIMER3                                                          06/16/2020 11:43:05 PAGE 1   


C51 COMPILER V9.54, COMPILATION OF MODULE HC89S_TIMER3
OBJECT MODULE PLACED IN .\Objects\hc89s_timer3.obj
COMPILER INVOKED BY: D:\keilC51\C51\BIN\C51.EXE hc89s_timer3.c OPTIMIZE(8,SPEED) BROWSE DEBUG OBJECTEXTEND PRINT(.\Listi
                    -ngs\hc89s_timer3.lst) OBJECT(.\Objects\hc89s_timer3.obj)

line level    source

   1          /**
   2          *                                                                        模块性能介绍
   3          *       1、定时器3只有一个工作方式：16位自动重载计数器/定时器，可以设置预分频比，并可以工作
   4          *          在掉电模式。
   5          *       2、TH3和TL3读写操作遵循以下顺序：先高位后低位。
   6          *       ************************************************************************************
   7          *                                                                        应用注意事项
   8          *       1、T3外部时钟必须输入一个方波。
   9          *       2、T3外部时钟输入口必须设置为数字输入。
  10          *       3、不可以在中断中判断中断标志位。
  11          *       4、T3时钟使用内部时钟时无法工作在掉电模式下。
  12          *       5、必须在使能前给TH3，TL3赋值。
  13          *       6、当T3计数时钟源选择端口输入外部时钟，TR3和T3CLKS的配置需要同时进行，即使用一条指
  14          *          令完成配置。
  15          *       ************************************************************************************
  16          *                                                                     函数总览
  17          *       TIM3_DeInit()                                           //恢复TIM3寄存器到默认值
  18          *       TIM3_Init()                                                     //根据指定的参数初始化TIM3
  19          *       TIM3_TimerCnt()                                         //TIM3定时时间设置
  20          *       TIM3_PinRemapConfig()                           //配置TIM3输出的管脚映射
  21          *       TIM3_PDModeCmd()                                        //使能或失能TIM3掉电模式下运行
  22          *       TIM3_ITCmd()                                            //使能或失能TIM3中断
  23          *       TIM3_Cmd()                                                      //使能或失能TIM3
  24          *       TIM3_GetITFlag()                                        //读取TIM3中断标志状态
  25          *       TIM3_ClearITFlag()                                      //清除TIM3中断标志状态
  26          *       TIM3_ITPriorityConfig();                        //TIM3中断优先级配置
  27          *       ************************************************************************************
  28          *                                                                          计算公式（注：该公式仅能直接用于秒级延时，坑）
  29          *       1、Tim3计算时间。
  30          *          定时时间 = (65536 - T3) * (1 / (Fosc /Timer分频系数))
  31          *       2、Tim3反推初值。
  32          *          初值 = 65536 - ((定时时间) / (1/(Fosc / Timer分频系数)))
  33          *       3、Tim3外部时钟计算时间。
  34          *          定时时间  = (65536 - T3) * (1 / 外部输入时钟)
  35          *       2、Tim3外部时钟反推初值。
  36          *          初值  = 65536 - ((定时时间) / (1 / 外部输入时钟))
  37          *       ************************************************************************************
  38          **/
  39          
  40          #include "hc89s_timer3.h"
  41          
  42          /**
  43            * @说明       恢复TIM3寄存器到默认值
  44            * @参数       无
  45            * @返回值 无
  46            * @注         无
  47            */
  48          void TIM3_DeInit(void)
  49          {
  50   1              T3CON = TIM3_T3CON_RESET_VALUE;
  51   1              T3 = TIM3_T3_RESET_VALUE;
  52   1              T3_MAP = TIMER_T3MAP_RESET_VALUE;
  53   1      }
  54          
C51 COMPILER V9.54   HC89S_TIMER3                                                          06/16/2020 11:43:05 PAGE 2   

  55          /**
  56            * @说明       根据指定的参数初始化TIM3
  57            * @参数       ClockSource ：TIM3时钟源
  58            *                     TIM3_SYSCLK             //OSC时钟源
  59            *                     TIM3_OUTCLK             //T3端口时钟源
  60            * @参数       ClockPrescaler ：TIM3时钟源分频系数
  61            *                     TIM3_CLK_1              //时钟1分频
  62            *                     TIM3_CLK_8              //时钟8分频
  63            *                     TIM3_CLK_64             //时钟64分频
  64            *                     TIM3_CLK_256    //时钟256分频   
  65            * @返回值 无
  66            * @注         无
  67            */
  68          void TIM3_Init(TIM3_ClkSource_Typedef ClkSource,TIM3_ClkPrescaler_Typedef ClkPrescaler,FunctionalState New
             -State)
  69          {
  70   1              T3CON = (T3CON&(~(TIM3_T3PS|TIM3_T3CLKS|TIM3_TR3)))|(ClkPrescaler&TIM3_T3PS)|(ClkSource&TIM3_T3CLKS)|((un
             -signed char)NewState<<2);     
  71   1      }
  72          
  73          /**
  74            * @说明       TIM3定时时间设置
  75            * @参数       Value ：TIM3定时时间
  76            *         取值范围：0x0000 - 0xFFFF
  77            * @返回值 无
  78            * @注         无
  79            */
  80          void TIM3_TimerCnt(u16 Value)
  81          {
  82   1              T3 = Value;     
  83   1      }
  84          
  85          
  86          /**
  87            * @说明       配置TIM3输出的管脚映射
  88            * @参数       OutPin ：管脚输出源
  89            *                     TIM3_OUTPin_P00         //TIM3输出端口为P00
  90            *                     TIM3_OUTPin_P01         //TIM3输出端口为P01
  91            *                     TIM3_OUTPin_P02         //TIM3输出端口为P02
  92            *                     TIM3_OUTPin_P03         //TIM3输出端口为P03
  93            *                     TIM3_OUTPin_P04         //TIM3输出端口为P04
  94            *                     TIM3_OUTPin_P05         //TIM3输出端口为P05
  95            *                     TIM3_OUTPin_P06         //TIM3输出端口为P06
  96            *                     TIM3_OUTPin_P07         //TIM3输出端口为P07
  97            *                     TIM3_OUTPin_P10         //TIM3输出端口为P10
  98            *             TIM3_OUTPin_P11         //TIM3输出端口为P11
  99            *                     TIM3_OUTPin_P20         //TIM3输出端口为P20
 100            *                     TIM3_OUTPin_P21         //TIM3输出端口为P21
 101            *                     TIM3_OUTPin_P22         //TIM3输出端口为P22
 102            *                     TIM3_OUTPin_P23         //TIM3输出端口为P23
 103            *                     TIM3_OUTPin_P24         //TIM3输出端口为P24
 104            *                     TIM3_OUTPin_P25         //TIM3输出端口为P25
 105            *                     TIM3_OUTPin_P26         //TIM3输出端口为P26
 106            *                     TIM3_OUTPin_P27         //TIM3输出端口为P27
 107            * @返回值 无
 108            * @注         无
 109            */
 110          void TIM3_PinRemapConfig(TIM3_OutPin_TypeDef OutPin)
 111          {
 112   1              T3_MAP = OutPin;
 113   1      }
 114          
C51 COMPILER V9.54   HC89S_TIMER3                                                          06/16/2020 11:43:05 PAGE 3   

 115          /**
 116            * @说明       使能或失能TIM3掉电模式下运行
 117            * @参数       NewState ：TIM3掉电模式下运行新状态
 118            *                     DISABLE         //失能
 119            *                     ENABLE          //使能
 120            * @返回值 无
 121            * @注         无
 122            */
 123          void TIM3_PDModeCmd(FunctionalState NewState)
 124          {
 125   1              if(NewState)T3CON |= TIM3_T3PD_EN;
 126   1              else T3CON &=~ TIM3_T3PD_EN;
 127   1      }
 128          
 129          /**
 130            * @说明       使能或失能TIM3中断
 131            * @参数       NewState ：TIM3中断新状态
 132            *                     DISABLE         //失能
 133            *                     ENABLE          //使能
 134            * @返回值 无
 135            * @注         无
 136            */
 137          void TIM3_ITCmd(FunctionalState NewState)
 138          {
 139   1              if(NewState)IE1 |= INT_ET3;
 140   1              else IE1 &=~ INT_ET3;
 141   1      }
 142          
 143          /**
 144            * @说明       使能或失能TIM3
 145            * @参数       NewState ：TIM3新状态
 146            *                     DISABLE         //失能
 147            *                     ENABLE          //使能
 148            * @返回值 无
 149            * @注         无
 150            */
 151          void TIM3_Cmd(FunctionalState NewState)
 152          {
 153   1              if(NewState)T3CON |= TIM3_TR3;
 154   1              else T3CON &=~ TIM3_TR3;
 155   1      }
 156          
 157          /**
 158            * @说明       读取TIM3中断标志状态
 159            * @参数       无
 160            * @返回值 FlagStatus ：TIM3中断标志状态
 161            *                     参考 FlagStatus 枚举类
 162            * @注         无
 163            */
 164          FlagStatus TIM3_GetITFlag(void)
 165          {
 166   1              if(T3CON&TIM3_TF3) return SET;
 167   1              return RESET;
 168   1      }
 169          
 170          /**
 171            * @说明       清除TIM3中断标志状态
 172            * @参数       无
 173            * @返回值 无
 174            * @注         无
 175            */
 176          void TIM3_ClearITFlag(void)
C51 COMPILER V9.54   HC89S_TIMER3                                                          06/16/2020 11:43:05 PAGE 4   

 177          {
 178   1              T3CON &=~ TIM3_TF3;     
 179   1      }
 180          
 181          /**
 182            * @说明       设置TIM3中断优先级
 183            * @参数       ITPriority ：TIM3中断优先级
 184            *                     TIM3_ITPriority_0       //TIM3中断优先级0(最低)
 185            *                     TIM3_ITPriority_1       //TIM3中断优先级1
 186            *                     TIM3_ITPriority_2       //TIM3中断优先级2
 187            *                     TIM3_ITPriority_3       //TIM3中断优先级3(最高)
 188            * @返回值 无
 189            * @注         无
 190            */
 191          void TIM3_ITPriorityConfig(TIM3_ITPriority_TypeDef ITPriority)
 192          {
 193   1              IP2 = (IP2&(~INT_PT3))|ITPriority;              
 194   1      }


MODULE INFORMATION:   STATIC OVERLAYABLE
   CODE SIZE        =    105    ----
   CONSTANT SIZE    =   ----    ----
   XDATA SIZE       =   ----    ----
   PDATA SIZE       =   ----    ----
   DATA SIZE        =   ----    ----
   IDATA SIZE       =   ----    ----
   BIT SIZE         =   ----    ----
END OF MODULE INFORMATION.


C51 COMPILATION COMPLETE.  0 WARNING(S),  0 ERROR(S)
